 AMT42 37.95  13E17.20 0933
 AMT*     0     1.00
 ANB43 35.53  13E30.44 0056
 ANB*     0     1.00
 ANT42 25.09  13E 4.72 0564
 ANT*     0     1.00
 AOI43 33.01  13E36.12 0530
 AOI*     0     1.00
 AQA42 22.53  13E20.36 0693
 AQA*     0     1.00
 AQF42 22.84  13E21.28 0805
 AQF*     0     1.00
 AQK42 20.10  13E24.05 0726
 AQK*     0     1.00
 AQU42 21.24  13E24.30 0710
 AQU*     0     1.00
 AQV42 22.63  13E20.63 0692
 AQV*     0     1.00
 ASP42 50.88  13E38.87 0089
 ASP*     0     1.00
 BDI44  3.77  10E35.74 0864
 BDI*     0     1.00
 BLY44 44.93  17E11.03 0256
 BLY*     0     1.00
 BNI45  3.12   6E40.68 1395
 BNI*     0     1.00
 BRS42 19.46  13E35.41 0977
 BRS*     0     1.00
 BSS42 11.50  13E50.72 0264
 BSS*     0     1.00
 BZZ42 20.22  13E28.11 0640
 BZZ*     0     1.00
 CAE46  0.54  12E26.27 0870
 CAE*     0     1.00
 CGL39 21.96   9E17.76 1050
 CGL*     0     1.00
 CLF43  2.20  12E55.22 0701
 CLF*     0     1.00
 CLN42  5.11  13E31.24 0801
 CLN*     0     1.00
 CPS42 16.30  13E45.50 0580
 CPS*     0     1.00
 CRE43 37.13  11E57.10 1215
 CRE*     0     1.00
 CSA43  0.48  12E35.44 0196
 CSA*     0     1.00
 CTD42 23.30  12E56.86 0484
 CTD*     0     1.00
 CUC39 59.63  15E48.93 0637
 CUC*     0     1.00
 DGI40 19.08   9E36.40 0354
 DGI*     0     1.00
 EL643 19.76  13E 6.10 0978
 EL6*     0     1.00
 ENR44 13.60   7E25.22 1040
 ENR*     0     1.00
 ERC38  2.26  12E35.24 0776
 ERC*     0     1.00
 FBR43 20.62  12E54.71 0032
 FBR*     0     1.00
 FIU44 38.42  11E29.50 0012
 FIU*     0     1.00
 FMG42 16.08  13E 7.03 1073
 FMG*     0     1.00
 FOC43  1.58  12E53.79 0821
 FOC*     0     1.00
 FOS43  0.88  12E50.11 0965
 FOS*     0     1.00
 FSS43 41.43  12E48.61 0138
 FSS*     0     1.00
 GBB43 21.41  12E35.83 0754
 GBB*     0     1.00
 GBP43 18.83  12E35.36 0426
 GBP*     0     1.00
 GMB38 10.08  15E49.73 1300
 GMB*     0     1.00
 GNU42 48.23  12E34.21 1085
 GNU*     0     1.00
 GRI38 49.33  16E25.20 0510
 GRI*     0     1.00
 IMI43 54.63   7E53.59 0840
 IMI*     0     1.00
 LIK41 29.98  13E33.57 0312
 LIK*     0     1.00
 LJU46  2.63  14E31.67 0396
 LJU*     0     1.00
 LMD44  4.65  11E42.44 0450
 LMD*     0     1.00
 LRP41 38.83  13E35.19 0372
 LRP*     0     1.00
 LSD45 27.57   7E 8.06 2285
 LSD*     0     1.00
 LSS42 33.49  12E58.13 1067
 LSS*     0     1.00
 MA941 46.19  12E39.54 0340
 MA9*     0     1.00
 MC242 54.76  13E11.43 1916
 MC2*     0     1.00
 MF542 59.33  13E27.63 0770
 MF5*     0     1.00
 MGR40  8.26  15E33.21 0288
 MGR*     0     1.00
 MMN39 53.46  15E59.42 0921
 MMN*     0     1.00
 MNF43  3.58  13E11.06 0644
 MNF*     0     1.00
 MNO37 55.86  14E41.70 1830
 MNO*     0     1.00
 MNT43  8.38  11E10.96 0371
 MNT*     0     1.00
 MTL43 14.96  13E 0.50 0376
 MTL*     0     1.00
 NCR43  6.69  12E47.07 0492
 NCR*     0     1.00
 NRC42 47.55  13E 5.78 0616
 NRC*     0     1.00
 ORI40  3.06  16E27.02 0375
 ORI*     0     1.00
 OVO40 49.65  14E23.80 0584
 OVO*     0     1.00
 PCP44 32.48   8E32.71 0770
 PCP*     0     1.00
 PDG42 25.78  19E15.65 0040
 PDG*     0     1.00
 PE343 41.76  12E29.78 0530
 PE3*     0     1.00
 PF643  8.27  13E11.66 0419
 PF6*     0     1.00
 PII43 43.32  10E31.50 0066
 PII*     0     1.00
 PP343 22.67  13E36.57 0021
 PP3*     0     1.00
 RDP41 45.62  12E42.62 0760
 RDP*     0     1.00
 RMP41 48.67  12E42.13 0380
 RMP*     0     1.00
 RQT42 48.78  13E18.66 1188
 RQT*     0     1.00
 RTI42 25.81  12E49.74 0393
 RTI*     0     1.00
 SEI44  3.26  11E21.51 0610
 SEI*     0     1.00
 SFI43 54.29  11E50.82 0548
 SFI*     0     1.00
 SIG43 19.85  12E44.45 0535
 SIG*     0     1.00
 SNG43 41.13  13E13.57 0085
 SNG*     0     1.00
 SPD42 30.91  13E22.26 1338
 SPD*     0     1.00
 SSY37  9.46  15E 4.42 0600
 SSY*     0     1.00
 STV44 14.73   7E19.56 0930
 STV*     0     1.00
 TDS39 39.61  16E20.26 0244
 TDS*     0     1.00
 TIR41 20.83  19E51.79 0247
 TIR*     0     1.00
 TRI45 42.54  13E45.84 0161
 TRI*     0     1.00
 VLC44  9.56  10E23.18 0555
 VLC*     0     1.00
 VLO40 28.12  19E29.73 0080
 VLO*     0     1.00
 VSL39 29.76   9E22.68 0370
 VSL*     0     1.00
 WDD35 50.24  14E31.45 0044
 WDD*     0     1.00
 ZAG45 49.61  15E59.21 0188
 ZAG*     0     1.00
0CAN43 28.34  12E37.85 0410
0CAN*     0     1.00
A31843  7.26  10E34.39 0173
A318*     0     1.00
ACER40 47.20  15E56.56 0690
ACER*     0     1.00
ACOM46 32.88  13E30.82 1788
ACOM*     0     1.00
AM0542 58.64  13E21.17 0464
AM05*     0     1.00
ALJA37 44.93  13E45.22 0700
ALJA*     0     1.00
AMEN43 36.53  13E26.66 0048
AMEN*     0     1.00
AMUR40 54.42  16E36.25 0443
AMUR*     0     1.00
APEC43 33.51  12E25.19 0488
APEC*     0     1.00
APPI46 28.72  11E13.69 1056
APPI*     0     1.00
APRC41 45.44  15E32.58 0672
APRC*     0     1.00
AQT142 46.43  13E17.61 0770
AQT1*     0     1.00
ARCI42 51.11  11E28.52 1080
ARCI*     0     1.00
ARRO42 34.75  12E45.94 0253
ARRO*     0     1.00
ARSA47 15.03  15E31.39 0577
ARSA*     0     1.00
ARVD43 29.88  12E56.49 0461
ARVD*     0     1.00
ASOL45 48.02  11E54.14 0181
ASOL*     0     1.00
ASQU43 47.80  11E47.36 0860
ASQU*     0     1.00
ASSB43  2.56  12E39.52 0734
ASSB*     0     1.00
ATBU43 28.54  12E32.90 1000
ATBU*     0     1.00
ATCC43 11.11  12E38.40 0557
ATCC*     0     1.00
ATFO43 22.00  12E34.29 0960
ATFO*     0     1.00
ATLO43 18.91  12E24.44 0584
ATLO*     0     1.00
ATMC43 26.81  12E11.57 0740
ATMC*     0     1.00
ATMI43 20.05  12E16.08 0581
ATMI*     0     1.00
ATPC43 28.84  12E27.42 0810
ATPC*     0     1.00
ATPI43 27.04  12E24.13 0694
ATPI*     0     1.00
ATSC43 25.44  12E41.18 0895
ATSC*     0     1.00
ATTE43 11.87  12E21.22 0929
ATTE*     0     1.00
ATVA43 16.72  12E17.12 0605
ATVA*     0     1.00
ATVO43 22.93  12E24.40 0638
ATVO*     0     1.00
BA0142 31.44  13E16.60  837
BA01*     0     1.00
BA0242 31.74  13E16.66  853
BA02*     0     1.00
BA0342 31.35  13E17.05  845
BA03*     0     1.00
BA0442 31.31  13E16.43  827
BA04*     0     1.00
BA0542 31.52  13E17.45  879
BA05*     0     1.00
BA0642 31.36  13E15.73  818
BA06*     0     1.00
BA0742 31.82  13E15.88  827
BA07*     0     1.00
BA0842 30.94  13E16.74  828
BA08*     0     1.00
BA0942 31.12  13E17.12  907
BA09*     0     1.00
BA1042 30.84  13E17.59  851
BA10*     0     1.00
BA1142 30.57  13E16.54  857
BA11*     0     1.00
BA1242 31.78  13E14.66  829
BA12*     0     1.00
BADI43 30.58  12E14.66 0430
BADI*     0     1.00
BAT143 22.89  12E26.14 0643
BAT1*     0     1.00
BAT243 22.23  12E24.56 0691
BAT2*     0     1.00
BAT343 24.08  12E24.62 0580
BAT3*     0     1.00
BIOG41 11.99  15E 7.96 0623
BIOG*     0     1.00
BLLA44  8.58  12E28.22 0001
BLLA*     0     1.00
BOJS45 30.26  15E15.11 0252
BOJS*     0     1.00
BORM46 28.16  10E22.58 1235
BORM*     0     1.00
BOSI46 29.71  11E19.11 0242
BOSI*     0     1.00
BRES46 41.92  11E44.05 2454
BRES*     0     1.00
BRIS44 13.47  11E45.99 0260
BRIS*     0     1.00
BRJN44 54.36  13E45.03 0001
BRJN*     0     1.00
BRMO46 28.57  10E22.33 1380
BRMO*     0     1.00
BSSO41 32.77  14E35.63 1010
BSSO*     0     1.00
BULG40  4.70  15E22.65 0815
BULG*     0     1.00
BURY43 46.95   7E33.41 0020
BURY*     0     1.00
CADA43 11.65  13E45.68 0148
CADA*     0     1.00
CAFE41  1.68  15E14.20 1070
CAFE*     0     1.00
CAFI43 19.75  11E57.98 0547
CAFI*     0     1.00
CAFR42 13.64  14E20.82 0250
CAFR*     0     1.00
CAGR37 37.32  14E29.99 0548
CAGR*     0     1.00
CAMP42 32.15  13E24.54 1283
CAMP*     0     1.00
CANO44 12.45   8E14.23 0638
CANO*     0     1.00
CAPA41  9.50  15E49.01 0156
CAPA*     0     1.00
CAPR45 38.23   9E56.07 0215
CAPR*     0     1.00
CAR139 15.20  16E12.68 0680
CAR1*     0     1.00
CARD44  1.56  10E28.93 0380
CARD*     0     1.00
CASP42 47.45  10E51.91 0390
CASP*     0     1.00
CAVE44 51.95  11E 0.19 0018
CAVE*     0     1.00
CDCA43 27.50  12E14.02 0050
CDCA*     0     1.00
CDRU40 29.38  15E18.28 1057
CDRU*     0     1.00
CELB42 44.79  10E12.64 0742
CELB*     0     1.00
CERA41 35.87  14E 1.10 0800
CERA*     0     1.00
CERT41 56.94  12E58.91 0773
CERT*     0     1.00
CESI43  0.29  12E54.28 0840
CESI*     0     1.00
CESX42 36.51  12E35.21 0380
CESX*     0     1.00
CET239 31.73  15E57.28 0675
CET2*     0     1.00
CGRP45 52.84  11E48.29 1757
CGRP*     0     1.00
CIGN41 39.25  14E54.30 0350
CIGN*     0     1.00
CIMA43 18.35  13E40.20 0163
CIMA*     0     1.00
CIMO46 18.70  12E26.69 0710
CIMO*     0     1.00
CING43 22.53  13E11.72 0626
CING*     0     1.00
CLTA37  9.48  13E57.72 0246
CLTA*     0     1.00
CLTB37 34.68  13E12.96 0949
CLTB*     0     1.00
CMPO44 34.85  11E48.34 0002
CMPO*     0     1.00
CMPR40 19.09  15E18.18 0732
CMPR*     0     1.00
CNCS45 36.36  10E13.02 0126
CNCS*     0     1.00
COR143 37.91  13E 0.02 0237
COR1*     0     1.00
CP0142 31.47  13E17.25  885
CP01*     0     1.00
CP0242 31.43  13E17.75  898
CP02*     0     1.00
CP0442 31.51  13E18.09  957
CP04*     0     1.00
CP0542 31.23  13E18.16  925
CP05*     0     1.00
CP0642 32.10  13E17.15  900
CP06*     0     1.00
CP0742 30.45  13E16.50  842
CP07*     0     1.00
CPGN43 48.07  12E19.23 1400
CPGN*     0     1.00
CRAC40 22.88  16E26.10 0384
CRAC*     0     1.00
CRJA37 48.10  13E 0.26 0560
CRJA*     0     1.00
CRM143 12.60  13E 3.48 0302
CRM1*     0     1.00
CRMI43 47.74  10E58.77 0490
CRMI*     0     1.00
CRND45 50.17  12E 0.79 0159
CRND*     0     1.00
CSNT43 28.39  11E17.41 0636
CSNT*     0     1.00
CSP143  5.51  13E12.29 1188
CSP1*     0     1.00
CTL845 16.58   9E45.73 0060
CTL8*     0     1.00
DIVS44  5.89  19E59.50 1000
DIVS*     0     1.00
DOSS45 52.84  11E11.30 1660
DOSS*     0     1.00
EMSG37 49.25  14E56.99 1435
EMSG*     0     1.00
EQUI44  9.96  10E 9.18 0350
EQUI*     0     1.00
ESLN37 41.60  14E58.46 1787
ESLN*     0     1.00
ESML37 37.09  14E52.76 0417
ESML*     0     1.00
EUCT45 12.16   9E 8.09 0082
EUCT*     0     1.00
FAEN44 17.37  11E52.62 0041
FAEN*     0     1.00
FAGN42 15.94  13E35.03 0761
FAGN*     0     1.00
FANO43 50.61  13E 1.10 0015
FANO*     0     1.00
FAVR37 16.03  13E40.02 0289
FAVR*     0     1.00
FCOR43 46.15  12E48.88 0540
FCOR*     0     1.00
FDMO43  2.19  13E 5.24 0550
FDMO*     0     1.00
FEMA42 57.73  13E 2.99 1370
FEMA*     0     1.00
FIAM42 16.08  13E 7.03 1070
FIAM*     0     1.00
FIU143 11.31  12E55.90 0479
FIU1*     0     1.00
FNVD44 10.07  11E 7.37 0950
FNVD*     0     1.00
FOSV43 17.69  12E45.67 0559
FOSV*     0     1.00
FRES41 58.41  14E40.16 0414
FRES*     0     1.00
FRON43 31.07  12E43.54 0515
FRON*     0     1.00
FROS43 12.58  11E 9.37 0432
FROS*     0     1.00
FSSB43 41.59  12E46.62 0523
FSSB*     0     1.00
GAG143 14.28  13E 4.05 0484
GAG1*     0     1.00
GAGG46  5.01  10E57.52 1617
GAGG*     0     1.00
GALF37 42.64  14E33.99 0740
GALF*     0     1.00
GATE41 30.79  14E54.61 0487
GATE*     0     1.00
GEPF46 16.50  13E 8.32 0255
GEPF*     0     1.00
GIGS42 27.19  13E34.37 0960
GIGS*     0     1.00
GIUL41 33.50  13E15.27 0566
GIUL*     0     1.00
GORR44 36.43   9E17.56 0609
GORR*     0     1.00
GRAM44 29.48  10E 3.95 0850
GRAM*     0     1.00
GROG43 25.57   9E53.52 0118
GROG*     0     1.00
GSCL44 21.03  10E35.29 0674
GSCL*     0     1.00
GUAR41 47.67  13E18.74 0741
GUAR*     0     1.00
GUMA43  3.76  13E20.11 0574
GUMA*     0     1.00
HAGA37 17.10  15E 9.30 0126
HAGA*     0     1.00
HLNI37 20.91  14E52.32 0146
HLNI*     0     1.00
IACL38 31.98  14E21.30 0145
IACL*     0     1.00
IFOR40 42.69  13E51.31 0170
IFOR*     0     1.00
ILLI38 26.74  14E56.90 0283
ILLI*     0     1.00
IMOL44 21.57  11E44.55 0027
IMOL*     0     1.00
INTR42  0.69  13E54.28 0924
INTR*     0     1.00
ISTR38 47.20  15E11.51 0103
ISTR*     0     1.00
JOPP38 36.41  15E53.14 0500
JOPP*     0     1.00
KOSI46 27.78  11E22.67 1604
KOSI*     0     1.00
LATB41 29.63  12E57.74 0000
LATB*     0     1.00
LATE42 36.82  11E48.24 0610
LATE*     0     1.00
LAV941 40.67  12E41.93 0300
LAV9*     0     1.00
LEOD45 27.49  10E 7.40 0092
LEOD*     0     1.00
LNSS42 36.17  13E 2.42 1155
LNSS*     0     1.00
LPEL42  2.81  14E10.99 0760
LPEL*     0     1.00
LTRZ40 36.20  16E49.15 0381
LTRZ*     0     1.00
LUSI45 57.57  10E56.62 0860
LUSI*     0     1.00
MABI46  3.30  10E30.84 1853
MABI*     0     1.00
MAGA45 46.52  10E37.72 1265
MAGA*     0     1.00
MAIM43 54.85  10E29.49 0200
MAIM*     0     1.00
MATE40 38.94  16E42.27 0494
MATE*     0     1.00
MCEL40 19.49  15E48.11 0960
MCEL*     0     1.00
MCIF43 48.69  12E37.90 0330
MCIF*     0     1.00
MCIV42 46.72  11E40.59 0790
MCIV*     0     1.00
MCRV40 46.96  15E10.10 1191
MCRV*     0     1.00
MDAR43 11.56  13E 8.56 0940
MDAR*     0     1.00
MELA41 42.35  15E 7.62 0115
MELA*     0     1.00
MFNL37 47.45  12E55.35 0677
MFNL*     0     1.00
MGAB42 54.76  12E 6.73 0547
MGAB*     0     1.00
MGRO44  2.56   7E48.49 1690
MGRO*     0     1.00
MIGL40 36.26  16E26.46 0440
MIGL*     0     1.00
MILN45 28.82   9E13.93 0125
MILN*     0     1.00
MILZ38 16.28  15E13.88 0000
MILZ*     0     1.00
MMO142 53.96  13E19.61 0957
MMO1*     0     1.00
MMP142 14.95  12E44.90 0471
MMP1*     0     1.00
MMUR43 26.51  12E59.84 0800
MMUR*     0     1.00
MN0242 30.83  13E16.02  827
MN02*     0     1.00
MN0342 31.15  13E15.32  823
MN03*     0     1.00
MN0442 31.74  13E14.11  977
MN04*     0     1.00
MN0642 31.44  13E14.69  923
MN06*     0     1.00
MN0842 31.57  13E14.47  916
MN08*     0     1.00
MN0942 31.80  13E14.72  827
MN09*     0     1.00
MNTP43  8.24  13E28.16 0325
MNTP*     0     1.00
MNTT43  3.72  13E35.74 0363
MNTT*     0     1.00
MNTV45  8.97  10E47.38 0036
MNTV*     0     1.00
MOCO41 22.20  15E 9.48 1049
MOCO*     0     1.00
MODR41  8.75  13E52.67 0345
MODR*     0     1.00
MOMA42 48.23  12E34.20 1040
MOMA*     0     1.00
MONC45  4.43   7E55.63 0480
MONC*     0     1.00
MOSI46 36.98  10E32.97 1957
MOSI*     0     1.00
MPAG43 37.75  12E45.57 0930
MPAG*     0     1.00
MPPT43 57.45  11E 5.42 0752
MPPT*     0     1.00
MPRI46 14.45  12E59.26 0762
MPRI*     0     1.00
MRB141  7.36  14E58.09 0688
MRB1*     0     1.00
MRGE45 46.19   7E 3.66 1660
MRGE*     0     1.00
MRLC40 45.38  15E29.34 0605
MRLC*     0     1.00
MRSC43  5.14  13E43.91 0395
MRSC*     0     1.00
MRVN41  3.65  16E11.75 0610
MRVN*     0     1.00
MSAG41 42.72  15E54.58 0890
MSAG*     0     1.00
MSM443  1.90  13E26.53 0530
MSM4*     0     1.00
MSRU38 15.83  15E30.50 0408
MSRU*     0     1.00
MSSA44 18.97   9E31.04 0930
MSSA*     0     1.00
MTCE42  1.37  12E44.53 0388
MTCE*     0     1.00
MTCR44  1.68  11E 0.14 1290
MTCR*     0     1.00
MTL143 15.40  13E 0.58 0353
MTL1*     0     1.00
MTRZ44 18.77  11E25.49 0570
MTRZ*     0     1.00
MTSN40 15.98  15E45.09 1056
MTSN*     0     1.00
MURB43 15.78  12E31.48 0845
MURB*     0     1.00
NARO43 36.65  12E34.83 0272
NARO*     0     1.00
NDIM44 53.24  10E53.92 0019
NDIM*     0     1.00
NOCI40 47.33  17E 3.86 0420
NOCI*     0     1.00
NRCA42 50.01  13E 6.86 0927
NRCA*     0     1.00
OFFI42 56.10  13E41.14 0320
OFFI*     0     1.00
OPPE45 18.49  11E10.34 0020
OPPE*     0     1.00
ORZI45 24.34   9E55.84 0083
ORZI*     0     1.00
OSSC43 31.41  11E14.75 0452
OSSC*     0     1.00
PALZ40 56.65  15E57.61 0450
PALZ*     0     1.00
PAOL41  1.87  14E34.05 0715
PAOL*     0     1.00
PARC43 38.92  12E14.32 0580
PARC*     0     1.00
PCRO43 36.46  13E31.94 0165
PCRO*     0     1.00
PERG43 33.23  12E49.84 0320
PERG*     0     1.00
PESA43 56.46  12E50.41 0221
PESA*     0     1.00
PIEI43 32.14  12E32.10 0665
PIEI*     0     1.00
PIGN41 12.00  14E10.79 0398
PIGN*     0     1.00
PIO143 10.69  12E59.03 0465
PIO1*     0     1.00
PIPA39 29.11  16E48.95 0479
PIPA*     0     1.00
PLAC38 26.96  16E26.30 0602
PLAC*     0     1.00
PLLN37 59.56  14E 8.59 0787
PLLN*     0     1.00
PLMA44  2.99   9E51.22 0022
PLMA*     0     1.00
POFI41 43.05  13E42.72 0878
POFI*     0     1.00
POPM44  2.70  10E45.42 0440
POPM*     0     1.00
PSB141 13.41  14E48.65 0551
PSB1*     0     1.00
PTCC46 24.45  13E21.24 0700
PTCC*     0     1.00
PTQR42  1.32  13E24.03 0957
PTQR*     0     1.00
PTRJ41 21.85  14E31.74 1027
PTRJ*     0     1.00
PTRP40 31.29  16E 3.67 1077
PTRP*     0     1.00
PZUN40 38.75  15E48.42 0820
PZUN*     0     1.00
QLNO44 19.45   8E20.76 0547
QLNO*     0     1.00
RAVA44 45.35  11E 7.13 0015
RAVA*     0     1.00
RCAV41 50.84  12E56.72 0940
RCAV*     0     1.00
REMY45 50.27   7E 9.39 2448
REMY*     0     1.00
RESU37 38.81  14E 3.41 0785
RESU*     0     1.00
RISI46 56.88  12E 4.72 1785
RISI*     0     1.00
RM3342 30.54  13E12.87 1097
RM33*     0     1.00
RNI241 42.20  14E 9.14 0950
RNI2*     0     1.00
ROM941 49.71  12E30.93 0110
ROM9*     0     1.00
RORO44  6.73   8E 3.97 0260
RORO*     0     1.00
ROSI46 55.69  11E24.71 1917
ROSI*     0     1.00
ROTM44 50.96   8E21.16 0221
ROTM*     0     1.00
ROVR45 38.81  11E 4.33 1316
ROVR*     0     1.00
RSM243 56.26  12E26.71 0645
RSM2*     0     1.00
RUFI43 50.28  11E30.57 0243
RUFI*     0     1.00
SABO45 59.25  13E38.01 0621
SABO*     0     1.00
SACR41 23.84  14E42.34 0859
SACR*     0     1.00
SACS42 50.94  11E54.58 0845
SACS*     0     1.00
SAIV43 39.86  12E24.77 0360
SAIV*     0     1.00
SALB39 52.63  16E20.75 1200
SALB*     0     1.00
SALO45 37.10  10E31.46 0600
SALO*     0     1.00
SAMA41 46.83  12E35.54 0119
SAMA*     0     1.00
SAP243  5.80  13E23.95 0402
SAP2*     0     1.00
SATI45 52.52   7E52.11 3005
SATI*     0     1.00
SBPO45  3.06  10E55.19 0010
SBPO*     0     1.00
SCHR40 11.95  16E 4.55 0968
SCHR*     0     1.00
SCTE40  4.34  18E28.05 0150
SCTE*     0     1.00
SEF143  8.81  12E56.86 0518
SEF1*     0     1.00
SENI43 42.31  13E13.99 0010
SENI*     0     1.00
SERM45  0.60  11E17.75 0007
SERM*     0     1.00
SERS39  2.15  16E41.32 1221
SERS*     0     1.00
SF0142 48.71  11E33.80 0830
SF01*     0     1.00
SF0342 48.17  11E41.13
SF03*     0     1.00
SF0442 50.14  11E39.63 0737
SF04*     0     1.00
SF1142 52.17  11E40.74 0831
SF11*     0     1.00
SF1342 49.10  11E37.17 0717
SF13*     0     1.00
SF1442 45.30  11E36.87 0463
SF14*     0     1.00
SGRT41 45.28  15E44.62 0960
SGRT*     0     1.00
SGTA41  8.10  15E21.90 0890
SGTA*     0     1.00
SIRI40 10.93  15E52.05 1063
SIRI*     0     1.00
SMA142 37.83  13E20.12 1150
SMA1*     0     1.00
SMPL42  5.64   9E17.10 0405
SMPL*     0     1.00
SNAL40 55.53  15E12.54 0874
SNAL*     0     1.00
SNTG43 15.30  12E56.43 0650
SNTG*     0     1.00
SPS239 17.46  16E20.33 0620
SPS2*     0     1.00
SRES42 14.22  12E30.60 0410
SRES*     0     1.00
SSCV43 46.79  12E29.85 0331
SSCV*     0     1.00
SSFR43 26.18  12E46.93 0750
SSFR*     0     1.00
SSM143 13.73  13E10.62 0240
SSM1*     0     1.00
SSP943 34.43  12E 7.88 0324
SSP9*     0     1.00
STAL46 15.61  12E42.62 0625
STAL*     0     1.00
STON42 52.29  17E41.94 0050
STON*     0     1.00
TC0142 39.44  13E15.05 0934
TC01*     0     1.00
TC0242 42.21  13E13.49 1251
TC02*     0     1.00
TC0442 40.56  13E19.00 1508
TC04*     0     1.00
TC1142 31.97  12E51.31 0979
TC11*     0     1.00
TC1242 45.09  13E 2.68 0869
TC12*     0     1.00
TC1342 43.50  13E 7.55 0860
TC13*     0     1.00
TC1442 45.57  13E12.52 1490
TC14*     0     1.00
TC1542 48.11  12E52.11 0695
TC15*     0     1.00
TC1642 53.44  13E 1.14 0620
TC16*     0     1.00
TC1742 42.71  12E55.88 1004
TC17*     0     1.00
TC1842 40.20  13E 6.91 1184
TC18*     0     1.00
TC1943  3.35  13E 0.28 0717
TC19*     0     1.00
TC2043  6.61  13E 5.34 0474
TC20*     0     1.00
TC2142 51.63  12E50.82 0955
TC21*     0     1.00
TC2242 24.08  13E 2.20  556
TC22*     0     1.00
TC4142 51.38  13E25.87 0664
TC41*     0     1.00
TC4242 49.76  13E12.26 1451
TC42*     0     1.00
TC4342 41.79  13E26.90 1120
TC43*     0     1.00
TC4442 45.42  13E17.87 0950
TC44*     0     1.00
TC4542 51.39  13E11.28 1541
TC45*     0     1.00
TC4642 35.00  13E29.58 1134
TC46*     0     1.00
TC4742 26.49  13E17.90 0836
TC47*     0     1.00
TC5643  0.38  13E13.56 1536
TC56*     0     1.00
TC9942 38.05  13E16.93 0940
TC99*     0     1.00
TEOL45 21.70  11E40.43 0370
TEOL*     0     1.00
TERO42 37.37  13E36.24 0673
TERO*     0     1.00
TOLF42  3.84  12E 0.01 0371
TOLF*     0     1.00
TRAV45 30.76   7E44.82 0990
TRAV*     0     1.00
TRE143 18.67  13E18.77 0330
TRE1*     0     1.00
TREM42  7.38  15E30.60 0120
TREM*     0     1.00
TRIF43  6.89  10E54.16 0596
TRIF*     0     1.00
TRIV41 46.00  14E33.01 0598
TRIV*     0     1.00
TRTR42 48.49  13E54.83 0160
TRTR*     0     1.00
VAGA41 24.92  14E14.05 0795
VAGA*     0     1.00
VARE45 52.06   8E46.20 1219
VARE*     0     1.00
VARN45 59.53  12E 6.31 1265
VARN*     0     1.00
VBKN40 49.80  14E25.79 0951
VBKN*     0     1.00
VCEL42 23.67  13E50.44 1185
VCEL*     0     1.00
VENL45 25.00  12E22.59 0004
VENL*     0     1.00
VENT40 47.69  13E25.29 0108
VENT*     0     1.00
VINO46 15.23  13E16.53 0608
VINO*     0     1.00
VITU41 11.00  14E37.81 0848
VITU*     0     1.00
VIVA41 45.01  12E46.21 0550
VIVA*     0     1.00
VOBA45 38.57  10E30.24 0292
VOBA*     0     1.00
VTIR40 48.35  14E25.45 0612
VTIR*     0     1.00
VULT40 57.29  15E36.98 1101
VULT*     0     1.00
VVDG40 50.14  14E25.43 0855
VVDG*     0     1.00
VVLD41 52.18  13E37.39 1051
VVLD*     0     1.00
WTTA47 15.83  11E38.18 1764
WTTA*     0     1.00
X00146 52.23   8E25.50 1540
X001*     0     1.00
X00246 46.83   9E52.77 1830
X002*     0     1.00
X00346 27.29   8E39.79 1480
X003*     0     1.00
X00445 55.31   9E 2.50 0830
X004*     0     1.00
X00537 50.01  14E 6.89 1547
X005*     0     1.00
X00647  2.95   9E22.84 1020
X006*     0     1.00
X00742 13.77  13E46.58 0915
X007*     0     1.00
ZCCA44 21.05  10E58.59 0700
ZCCA*     0     1.00
ZONE45 45.81  10E 7.02 0691
ZONE*     0     1.00
ZOU246 33.50  12E58.37 1911
ZOU2*     0     1.00
ZOVE45 27.21  11E29.26 0376
ZOVE*     0     1.00
